<?xml version="1.0" encoding="UTF-8"?>
<!-- Generated by org.testng.reporters.JUnitXMLReporter -->
<testsuite ignored="0" hostname="LTIN522494" failures="0" tests="10" name="Default test" time="46.229" errors="0" timestamp="2025-01-18T10:51:18 IST">
  <testcase classname="AutomationTesting.Main" name="clickSearchTextfield" time="5.502"/>
  <testcase classname="AutomationTesting.Main" name="clickSearchButton" time="3.333"/>
  <testcase classname="AutomationTesting.Main" name="clickSearchResult" time="4.944"/>
  <testcase classname="AutomationTesting.Main" name="clickBookOption" time="3.602"/>
  <testcase classname="AutomationTesting.Main" name="clickCruiseDates" time="0.185"/>
  <testcase classname="AutomationTesting.Main" name="clickMonths" time="4.528"/>
  <testcase classname="AutomationTesting.Main" name="clickDeparturePort" time="1.78"/>
  <testcase classname="AutomationTesting.Main" name="clickDestinations" time="1.651"/>
  <testcase classname="AutomationTesting.Main" name="clickNoOfNights" time="1.489"/>
  <testcase classname="AutomationTesting.Main" name="clickSortBy" time="0.479"/>
</testsuite> <!-- Default test -->
