<?xml version="1.0" encoding="UTF-8"?>
<testng-results ignored="0" total="10" passed="10" failed="0" skipped="0">
  <reporter-output>
  </reporter-output>
  <suite started-at="2025-01-18T10:50:31 IST" name="Default suite" finished-at="2025-01-18T10:51:18 IST" duration-ms="46229">
    <groups>
    </groups>
    <test started-at="2025-01-18T10:50:31 IST" name="Default test" finished-at="2025-01-18T10:51:18 IST" duration-ms="46229">
      <class name="AutomationTesting.Main">
        <test-method is-config="true" signature="LaunchApplication()[pri:0, instance:AutomationTesting.Main@28f2a10f]" started-at="2025-01-18T10:50:31 IST" name="LaunchApplication" finished-at="2025-01-18T10:50:46 IST" duration-ms="14498" status="PASS">
          <reporter-output>
          </reporter-output>
        </test-method> <!-- LaunchApplication -->
        <test-method signature="clickSearchTextfield()[pri:1, instance:AutomationTesting.Main@28f2a10f]" started-at="2025-01-18T10:50:46 IST" name="clickSearchTextfield" finished-at="2025-01-18T10:50:51 IST" duration-ms="5502" status="PASS">
          <reporter-output>
          </reporter-output>
        </test-method> <!-- clickSearchTextfield -->
        <test-method signature="clickSearchButton()[pri:2, instance:AutomationTesting.Main@28f2a10f]" started-at="2025-01-18T10:50:51 IST" name="clickSearchButton" finished-at="2025-01-18T10:50:55 IST" duration-ms="3333" status="PASS">
          <reporter-output>
          </reporter-output>
        </test-method> <!-- clickSearchButton -->
        <test-method signature="clickSearchResult()[pri:3, instance:AutomationTesting.Main@28f2a10f]" started-at="2025-01-18T10:50:55 IST" name="clickSearchResult" finished-at="2025-01-18T10:51:00 IST" duration-ms="4944" status="PASS">
          <reporter-output>
          </reporter-output>
        </test-method> <!-- clickSearchResult -->
        <test-method signature="clickBookOption()[pri:4, instance:AutomationTesting.Main@28f2a10f]" started-at="2025-01-18T10:51:00 IST" name="clickBookOption" finished-at="2025-01-18T10:51:03 IST" duration-ms="3602" status="PASS">
          <reporter-output>
          </reporter-output>
        </test-method> <!-- clickBookOption -->
        <test-method signature="clickCruiseDates()[pri:5, instance:AutomationTesting.Main@28f2a10f]" started-at="2025-01-18T10:51:03 IST" name="clickCruiseDates" finished-at="2025-01-18T10:51:03 IST" duration-ms="185" status="PASS">
          <reporter-output>
          </reporter-output>
        </test-method> <!-- clickCruiseDates -->
        <test-method signature="clickMonths()[pri:6, instance:AutomationTesting.Main@28f2a10f]" started-at="2025-01-18T10:51:03 IST" name="clickMonths" finished-at="2025-01-18T10:51:08 IST" duration-ms="4528" status="PASS">
          <reporter-output>
          </reporter-output>
        </test-method> <!-- clickMonths -->
        <test-method signature="clickDeparturePort()[pri:7, instance:AutomationTesting.Main@28f2a10f]" started-at="2025-01-18T10:51:08 IST" name="clickDeparturePort" finished-at="2025-01-18T10:51:10 IST" duration-ms="1780" status="PASS">
          <reporter-output>
          </reporter-output>
        </test-method> <!-- clickDeparturePort -->
        <test-method signature="clickDestinations()[pri:8, instance:AutomationTesting.Main@28f2a10f]" started-at="2025-01-18T10:51:10 IST" name="clickDestinations" finished-at="2025-01-18T10:51:11 IST" duration-ms="1651" status="PASS">
          <reporter-output>
          </reporter-output>
        </test-method> <!-- clickDestinations -->
        <test-method signature="clickNoOfNights()[pri:9, instance:AutomationTesting.Main@28f2a10f]" started-at="2025-01-18T10:51:11 IST" name="clickNoOfNights" finished-at="2025-01-18T10:51:13 IST" duration-ms="1489" status="PASS">
          <reporter-output>
          </reporter-output>
        </test-method> <!-- clickNoOfNights -->
        <test-method signature="clickSortBy()[pri:10, instance:AutomationTesting.Main@28f2a10f]" started-at="2025-01-18T10:51:13 IST" name="clickSortBy" finished-at="2025-01-18T10:51:13 IST" duration-ms="479" status="PASS">
          <reporter-output>
          </reporter-output>
        </test-method> <!-- clickSortBy -->
        <test-method is-config="true" signature="clickCloseApp()[pri:0, instance:AutomationTesting.Main@28f2a10f]" started-at="2025-01-18T10:51:13 IST" name="clickCloseApp" finished-at="2025-01-18T10:51:18 IST" duration-ms="4196" status="PASS">
          <reporter-output>
          </reporter-output>
        </test-method> <!-- clickCloseApp -->
      </class> <!-- AutomationTesting.Main -->
    </test> <!-- Default test -->
  </suite> <!-- Default suite -->
</testng-results>
